[23Jan.2022 13:59:36.508] [main/INFO] [cpw.mods.modlauncher.Launcher/MODLAUNCHER]: ModLauncher running: args [--username, Chaos_02, --version, 1.18.1-forge-39.0.59, --gameDir, E:\OneDrive\GitHub\Minecraft\Modpacks\TechAttack, --assetsDir, C:\Users\mknoa\AppData\Roaming\.minecraft\assets, --assetIndex, 1.18, --uuid, da490c06a57e446799e7f2dc97d24063, --accessToken, ????????, --clientId, YmM2MWQzZDctOTRkOS00MTdhLWExZDYtZDQyNWM4YWNjN2Q5, --xuid, --userType, mojang, --versionType, release, --launchTarget, forgeclient, --fml.forgeVersion, 39.0.59, --fml.mcVersion, 1.18.1, --fml.forgeGroup, net.minecraftforge, --fml.mcpVersion, 20211210.034407]
[23Jan.2022 13:59:36.512] [main/INFO] [cpw.mods.modlauncher.Launcher/MODLAUNCHER]: ModLauncher 9.1.0+9.1.0+main.6690ee51 starting: java version 17.0.1 by Microsoft
[23Jan.2022 13:59:36.524] [main/DEBUG] [cpw.mods.modlauncher.LaunchServiceHandler/MODLAUNCHER]: Found launch services [fmlclientdev,forgeclient,minecraft,fmlserveruserdev,fmlclient,fmldatauserdev,forgeserverdev,forgeserveruserdev,forgeclientdev,forgeclientuserdev,forgeserver,forgedatadev,fmlserver,fmlclientuserdev,fmlserverdev,forgedatauserdev,testharness]
[23Jan.2022 13:59:36.536] [main/DEBUG] [cpw.mods.modlauncher.NameMappingServiceHandler/MODLAUNCHER]: Found naming services : [srgtomcp]
[23Jan.2022 13:59:36.549] [main/DEBUG] [cpw.mods.modlauncher.LaunchPluginHandler/MODLAUNCHER]: Found launch plugins: [mixin,eventbus,object_holder_definalize,runtime_enum_extender,capability_token_subclass,accesstransformer,runtimedistcleaner]
[23Jan.2022 13:59:36.561] [main/DEBUG] [cpw.mods.modlauncher.TransformationServicesHandler/MODLAUNCHER]: Discovering transformation services
[23Jan.2022 13:59:36.635] [main/DEBUG] [cpw.mods.modlauncher.TransformationServicesHandler/MODLAUNCHER]: Found additional transformation services from discovery services: java.util.stream.ReferencePipeline$3@61526469
[23Jan.2022 13:59:36.802] [main/DEBUG] [cpw.mods.modlauncher.TransformationServicesHandler/MODLAUNCHER]: Found transformer services : [mixin,OptiFine,fml]
[23Jan.2022 13:59:36.802] [main/DEBUG] [cpw.mods.modlauncher.TransformationServicesHandler/MODLAUNCHER]: Transformation services loading
[23Jan.2022 13:59:36.802] [main/DEBUG] [cpw.mods.modlauncher.TransformationServiceDecorator/MODLAUNCHER]: Loading service mixin
[23Jan.2022 13:59:36.802] [main/DEBUG] [cpw.mods.modlauncher.TransformationServiceDecorator/MODLAUNCHER]: Loaded service mixin
[23Jan.2022 13:59:36.802] [main/DEBUG] [cpw.mods.modlauncher.TransformationServiceDecorator/MODLAUNCHER]: Loading service OptiFine
[23Jan.2022 13:59:36.803] [main/INFO] [optifine.OptiFineTransformationService/]: OptiFineTransformationService.onLoad
[23Jan.2022 13:59:36.804] [main/INFO] [optifine.OptiFineTransformationService/]: OptiFine ZIP file URL: union:/E:/OneDrive/GitHub/Minecraft/Modpacks/TechAttack/mods/preview_OptiFine_1.18.1_HD_U_H5_pre4.jar%2352!/
[23Jan.2022 13:59:36.813] [main/INFO] [optifine.OptiFineTransformationService/]: OptiFine ZIP file: E:\OneDrive\GitHub\Minecraft\Modpacks\TechAttack\mods\preview_OptiFine_1.18.1_HD_U_H5_pre4.jar
[23Jan.2022 13:59:36.815] [main/INFO] [optifine.OptiFineTransformer/]: Target.PRE_CLASS is available
[23Jan.2022 13:59:36.821] [main/DEBUG] [cpw.mods.modlauncher.TransformationServiceDecorator/MODLAUNCHER]: Loaded service OptiFine
[23Jan.2022 13:59:36.821] [main/DEBUG] [cpw.mods.modlauncher.TransformationServiceDecorator/MODLAUNCHER]: Loading service fml
[23Jan.2022 13:59:36.823] [main/DEBUG] [net.minecraftforge.fml.loading.LauncherVersion/CORE]: Found FMLLauncher version 1.0
[23Jan.2022 13:59:36.823] [main/DEBUG] [net.minecraftforge.fml.loading.FMLLoader/CORE]: FML 1.0 loading
[23Jan.2022 13:59:36.823] [main/DEBUG] [net.minecraftforge.fml.loading.FMLLoader/CORE]: FML found ModLauncher version : 9.1.0+9.1.0+main.6690ee51
[23Jan.2022 13:59:36.824] [main/DEBUG] [net.minecraftforge.fml.loading.FMLLoader/CORE]: FML found AccessTransformer version : 8.0.4+66+master.c09db6d7
[23Jan.2022 13:59:36.824] [main/DEBUG] [net.minecraftforge.fml.loading.FMLLoader/CORE]: FML found EventBus version : 5.0.3+70+master.d7d405b
[23Jan.2022 13:59:36.824] [main/DEBUG] [net.minecraftforge.fml.loading.FMLLoader/CORE]: Found Runtime Dist Cleaner
[23Jan.2022 13:59:36.825] [main/DEBUG] [net.minecraftforge.fml.loading.FMLLoader/CORE]: FML found CoreMod version : 5.0.1+15+master.dc5a2922
[23Jan.2022 13:59:36.826] [main/DEBUG] [net.minecraftforge.fml.loading.FMLLoader/CORE]: Found ForgeSPI package implementation version 4.0.10+24+master.876d7985
[23Jan.2022 13:59:36.826] [main/DEBUG] [net.minecraftforge.fml.loading.FMLLoader/CORE]: Found ForgeSPI package specification 4
[23Jan.2022 13:59:36.828] [main/DEBUG] [cpw.mods.modlauncher.TransformationServiceDecorator/MODLAUNCHER]: Loaded service fml
[23Jan.2022 13:59:36.829] [main/DEBUG] [cpw.mods.modlauncher.TransformationServicesHandler/MODLAUNCHER]: Configuring option handling for services
[23Jan.2022 13:59:36.834] [main/DEBUG] [cpw.mods.modlauncher.TransformationServicesHandler/MODLAUNCHER]: Transformation services initializing
[23Jan.2022 13:59:36.835] [main/DEBUG] [cpw.mods.modlauncher.TransformationServiceDecorator/MODLAUNCHER]: Initializing transformation service mixin
[23Jan.2022 13:59:36.846] [main/DEBUG] [mixin/]: MixinService [ModLauncher] was successfully booted in cpw.mods.cl.ModuleClassLoader@3d74bf60
[23Jan.2022 13:59:36.857] [main/INFO] [mixin/]: SpongePowered MIXIN Subsystem Version=0.8.5 Source=union:/C:/Users/mknoa/AppData/Roaming/.minecraft/libraries/org/spongepowered/mixin/0.8.5/mixin-0.8.5.jar%2319!/ Service=ModLauncher Env=CLIENT
[23Jan.2022 13:59:36.860] [main/DEBUG] [mixin/]: Initialising Mixin Platform Manager
[23Jan.2022 13:59:36.860] [main/DEBUG] [mixin/]: Adding mixin platform agents for container ModLauncher Root Container(ModLauncher:4f56a0a2)
[23Jan.2022 13:59:36.860] [main/DEBUG] [mixin/]: Instancing new MixinPlatformAgentMinecraftForge for ModLauncher Root Container(ModLauncher:4f56a0a2)
[23Jan.2022 13:59:36.861] [main/DEBUG] [mixin/]: MixinPlatformAgentMinecraftForge rejected container ModLauncher Root Container(ModLauncher:4f56a0a2)
[23Jan.2022 13:59:36.861] [main/DEBUG] [mixin/]: Instancing new MixinPlatformAgentDefault for ModLauncher Root Container(ModLauncher:4f56a0a2)
[23Jan.2022 13:59:36.861] [main/DEBUG] [mixin/]: MixinPlatformAgentDefault accepted container ModLauncher Root Container(ModLauncher:4f56a0a2)
[23Jan.2022 13:59:36.863] [main/DEBUG] [cpw.mods.modlauncher.TransformationServiceDecorator/MODLAUNCHER]: Initialized transformation service mixin
[23Jan.2022 13:59:36.863] [main/DEBUG] [cpw.mods.modlauncher.TransformationServiceDecorator/MODLAUNCHER]: Initializing transformation service OptiFine
[23Jan.2022 13:59:36.863] [main/INFO] [optifine.OptiFineTransformationService/]: OptiFineTransformationService.initialize
[23Jan.2022 13:59:36.863] [main/DEBUG] [cpw.mods.modlauncher.TransformationServiceDecorator/MODLAUNCHER]: Initialized transformation service OptiFine
[23Jan.2022 13:59:36.863] [main/DEBUG] [cpw.mods.modlauncher.TransformationServiceDecorator/MODLAUNCHER]: Initializing transformation service fml
[23Jan.2022 13:59:36.863] [main/DEBUG] [net.minecraftforge.fml.loading.FMLServiceProvider/CORE]: Setting up basic FML game directories
[23Jan.2022 13:59:36.864] [main/DEBUG] [net.minecraftforge.fml.loading.FileUtils/CORE]: Found existing GAMEDIR directory : E:\OneDrive\GitHub\Minecraft\Modpacks\TechAttack
[23Jan.2022 13:59:36.865] [main/DEBUG] [net.minecraftforge.fml.loading.FMLPaths/CORE]: Path GAMEDIR is E:\OneDrive\GitHub\Minecraft\Modpacks\TechAttack
[23Jan.2022 13:59:36.865] [main/DEBUG] [net.minecraftforge.fml.loading.FileUtils/CORE]: Found existing MODSDIR directory : E:\OneDrive\GitHub\Minecraft\Modpacks\TechAttack\mods
[23Jan.2022 13:59:36.865] [main/DEBUG] [net.minecraftforge.fml.loading.FMLPaths/CORE]: Path MODSDIR is E:\OneDrive\GitHub\Minecraft\Modpacks\TechAttack\mods
[23Jan.2022 13:59:36.865] [main/DEBUG] [net.minecraftforge.fml.loading.FileUtils/CORE]: Found existing CONFIGDIR directory : E:\OneDrive\GitHub\Minecraft\Modpacks\TechAttack\config
[23Jan.2022 13:59:36.865] [main/DEBUG] [net.minecraftforge.fml.loading.FMLPaths/CORE]: Path CONFIGDIR is E:\OneDrive\GitHub\Minecraft\Modpacks\TechAttack\config
[23Jan.2022 13:59:36.865] [main/DEBUG] [net.minecraftforge.fml.loading.FMLPaths/CORE]: Path FMLCONFIG is E:\OneDrive\GitHub\Minecraft\Modpacks\TechAttack\config\fml.toml
[23Jan.2022 13:59:36.865] [main/DEBUG] [net.minecraftforge.fml.loading.FMLServiceProvider/CORE]: Loading configuration
[23Jan.2022 13:59:36.895] [main/DEBUG] [net.minecraftforge.fml.loading.FileUtils/CORE]: Found existing default config directory directory : E:\OneDrive\GitHub\Minecraft\Modpacks\TechAttack\defaultconfigs
[23Jan.2022 13:59:36.896] [main/DEBUG] [net.minecraftforge.fml.loading.FMLServiceProvider/CORE]: Preparing ModFile
[23Jan.2022 13:59:36.898] [main/DEBUG] [net.minecraftforge.fml.loading.FMLServiceProvider/CORE]: Preparing launch handler
[23Jan.2022 13:59:36.898] [main/DEBUG] [net.minecraftforge.fml.loading.FMLLoader/CORE]: Using forgeclient as launch service
[23Jan.2022 13:59:36.911] [main/DEBUG] [net.minecraftforge.fml.loading.FMLLoader/CORE]: Received command line version data  : VersionInfo[forgeVersion=39.0.59, mcVersion=1.18.1, mcpVersion=20211210.034407, forgeGroup=net.minecraftforge]
[23Jan.2022 13:59:36.913] [main/DEBUG] [cpw.mods.modlauncher.TransformationServiceDecorator/MODLAUNCHER]: Initialized transformation service fml
[23Jan.2022 13:59:36.913] [main/DEBUG] [cpw.mods.modlauncher.NameMappingServiceHandler/MODLAUNCHER]: Current naming domain is 'srg'
[23Jan.2022 13:59:36.914] [main/DEBUG] [cpw.mods.modlauncher.NameMappingServiceHandler/MODLAUNCHER]: Identified name mapping providers {}
[23Jan.2022 13:59:36.914] [main/DEBUG] [cpw.mods.modlauncher.TransformationServicesHandler/MODLAUNCHER]: Transformation services begin scanning
[23Jan.2022 13:59:36.915] [main/DEBUG] [cpw.mods.modlauncher.TransformationServiceDecorator/MODLAUNCHER]: Beginning scan trigger - transformation service mixin
[23Jan.2022 13:59:36.915] [main/DEBUG] [cpw.mods.modlauncher.TransformationServiceDecorator/MODLAUNCHER]: End scan trigger - transformation service mixin
[23Jan.2022 13:59:36.915] [main/DEBUG] [cpw.mods.modlauncher.TransformationServiceDecorator/MODLAUNCHER]: Beginning scan trigger - transformation service OptiFine
[23Jan.2022 13:59:36.915] [main/DEBUG] [cpw.mods.modlauncher.TransformationServiceDecorator/MODLAUNCHER]: End scan trigger - transformation service OptiFine
[23Jan.2022 13:59:36.915] [main/DEBUG] [cpw.mods.modlauncher.TransformationServiceDecorator/MODLAUNCHER]: Beginning scan trigger - transformation service fml
[23Jan.2022 13:59:36.915] [main/DEBUG] [net.minecraftforge.fml.loading.FMLServiceProvider/CORE]: Initiating mod scan
